build/outputs/logs/manifest-merger-release-report.txt
-- Merging decision tree log ---
manifest
ADDED from src\main\AndroidManifest.xml:2:1-102:12
INJECTED from src\main\AndroidManifest.xml:2:1-102:12
INJECTED from src\main\AndroidManifest.xml:2:1-102:12
INJECTED from src\main\AndroidManifest.xml:2:1-102:12
MERGED from [:VuforiaWrapper:] AndroidManifest.xml:2:1-32:12
MERGED from [com.android.support.constraint:constraint-layout:1.1.3] AndroidManifest.xml:2:1-11:12
MERGED from [com.android.support:appcompat-v7:27.0.0] AndroidManifest.xml:17:1-22:12
MERGED from [com.android.support:animated-vector-drawable:27.0.0] AndroidManifest.xml:17:1-22:12
MERGED from [com.android.support:support-vector-drawable:27.0.0] AndroidManifest.xml:17:1-22:12
MERGED from [com.mapbox.mapboxsdk:mapbox-android-plugin-locationlayer:0.5.0] AndroidManifest.xml:2:1-10:12
MERGED from [com.mapbox.mapboxsdk:mapbox-android-sdk:6.5.0] AndroidManifest.xml:2:1-20:12
MERGED from [com.mapbox.mapboxsdk:mapbox-android-telemetry:3.1.5] AndroidManifest.xml:2:1-19:12
MERGED from [android.arch.lifecycle:extensions:1.1.0] AndroidManifest.xml:17:1-30:12
MERGED from [com.android.support:support-fragment:27.1.1] AndroidManifest.xml:17:1-22:12
MERGED from [com.android.support:support-core-ui:27.1.1] AndroidManifest.xml:17:1-22:12
MERGED from [com.android.support:support-core-utils:27.1.1] AndroidManifest.xml:17:1-22:12
MERGED from [com.android.support:support-compat:27.1.1] AndroidManifest.xml:17:1-22:12
MERGED from [android.arch.lifecycle:runtime:1.1.0] AndroidManifest.xml:17:1-22:12
MERGED from [android.arch.lifecycle:livedata:1.1.1] AndroidManifest.xml:17:1-22:12
MERGED from [android.arch.lifecycle:livedata-core:1.1.1] AndroidManifest.xml:17:1-22:12
MERGED from [android.arch.core:runtime:1.1.1] AndroidManifest.xml:17:1-22:12
MERGED from [android.arch.lifecycle:viewmodel:1.1.0] AndroidManifest.xml:17:1-22:12
MERGED from [com.android.volley:volley:1.1.0] AndroidManifest.xml:2:1-11:12
MERGED from [pl.droidsonroids.gif:android-gif-drawable:1.2.15] AndroidManifest.xml:2:1-10:12
MERGED from [com.mapbox.mapboxsdk:mapbox-android-gestures:0.2.0] AndroidManifest.xml:2:1-11:12
MERGED from [com.jakewharton.timber:timber:4.6.0] AndroidManifest.xml:2:1-10:12
MERGED from [com.mapbox.mapboxsdk:mapbox-android-core:0.2.1] AndroidManifest.xml:2:1-13:12
INJECTED from src\main\AndroidManifest.xml:2:1-102:12
INJECTED from src\main\AndroidManifest.xml:2:1-102:12
INJECTED from src\main\AndroidManifest.xml:2:1-102:12
	package
		ADDED from src\main\AndroidManifest.xml:4:5-33
		INJECTED from src\main\AndroidManifest.xml
		INJECTED from src\main\AndroidManifest.xml
	android:versionName
		INJECTED from src\main\AndroidManifest.xml
		ADDED from src\main\AndroidManifest.xml:2:1-102:12
		INJECTED from src\main\AndroidManifest.xml
	xmlns:tools
		ADDED from src\main\AndroidManifest.xml:3:5-51
	android:versionCode
		INJECTED from src\main\AndroidManifest.xml
		ADDED from src\main\AndroidManifest.xml:2:1-102:12
		INJECTED from src\main\AndroidManifest.xml
	xmlns:android
		ADDED from src\main\AndroidManifest.xml:2:11-69
	android:installLocation
		ADDED from src\main\AndroidManifest.xml:5:5-45
supports-screens
ADDED from src\main\AndroidManifest.xml:7:5-12:40
	android:largeScreens
		ADDED from src\main\AndroidManifest.xml:9:9-36
	android:smallScreens
		ADDED from src\main\AndroidManifest.xml:11:9-36
	android:normalScreens
		ADDED from src\main\AndroidManifest.xml:10:9-37
	android:xlargeScreens
		ADDED from src\main\AndroidManifest.xml:12:9-37
	android:anyDensity
		ADDED from src\main\AndroidManifest.xml:8:9-34
uses-feature#0x00020000
ADDED from src\main\AndroidManifest.xml:14:5-54
MERGED from [com.mapbox.mapboxsdk:mapbox-android-sdk:6.5.0] AndroidManifest.xml:9:5-11:35
MERGED from [com.mapbox.mapboxsdk:mapbox-android-sdk:6.5.0] AndroidManifest.xml:9:5-11:35
	android:glEsVersion
		ADDED from src\main\AndroidManifest.xml:14:19-51
	android:required
		ADDED from [com.mapbox.mapboxsdk:mapbox-android-sdk:6.5.0] AndroidManifest.xml:11:9-32
uses-permission#android.permission.CAMERA
ADDED from src\main\AndroidManifest.xml:16:5-65
MERGED from [:VuforiaWrapper:] AndroidManifest.xml:15:5-65
MERGED from [:VuforiaWrapper:] AndroidManifest.xml:15:5-65
	android:name
		ADDED from src\main\AndroidManifest.xml:16:22-62
uses-permission#android.permission.ACCESS_FINE_LOCATION
ADDED from src\main\AndroidManifest.xml:17:5-79
MERGED from [com.mapbox.mapboxsdk:mapbox-android-core:0.2.1] AndroidManifest.xml:11:5-79
MERGED from [com.mapbox.mapboxsdk:mapbox-android-core:0.2.1] AndroidManifest.xml:11:5-79
	android:name
		ADDED from src\main\AndroidManifest.xml:17:22-76
uses-permission#android.permission.ACCESS_COARSE_LOCATION
ADDED from src\main\AndroidManifest.xml:18:5-81
	android:name
		ADDED from src\main\AndroidManifest.xml:18:22-78
uses-permission#android.permission.ACCESS_NETWORK_STATE
ADDED from src\main\AndroidManifest.xml:19:5-79
MERGED from [:VuforiaWrapper:] AndroidManifest.xml:16:5-79
MERGED from [:VuforiaWrapper:] AndroidManifest.xml:16:5-79
MERGED from [com.mapbox.mapboxsdk:mapbox-android-sdk:6.5.0] AndroidManifest.xml:17:5-79
MERGED from [com.mapbox.mapboxsdk:mapbox-android-sdk:6.5.0] AndroidManifest.xml:17:5-79
	android:name
		ADDED from src\main\AndroidManifest.xml:19:22-76
uses-permission#android.permission.INTERNET
ADDED from src\main\AndroidManifest.xml:20:5-67
MERGED from [:VuforiaWrapper:] AndroidManifest.xml:14:5-67
MERGED from [:VuforiaWrapper:] AndroidManifest.xml:14:5-67
MERGED from [com.mapbox.mapboxsdk:mapbox-android-sdk:6.5.0] AndroidManifest.xml:16:5-67
MERGED from [com.mapbox.mapboxsdk:mapbox-android-sdk:6.5.0] AndroidManifest.xml:16:5-67
	android:name
		ADDED from src\main\AndroidManifest.xml:20:22-64
uses-feature#android.hardware.camera
ADDED from src\main\AndroidManifest.xml:22:5-24:36
MERGED from [:VuforiaWrapper:] AndroidManifest.xml:12:5-60
MERGED from [:VuforiaWrapper:] AndroidManifest.xml:12:5-60
	android:required
		ADDED from src\main\AndroidManifest.xml:24:9-33
		MERGED from src\main\AndroidManifest.xml:24:9-33
	android:name
		ADDED from src\main\AndroidManifest.xml:23:9-47
uses-feature#android.hardware.camera.autofocus
ADDED from src\main\AndroidManifest.xml:25:5-27:36
	android:required
		ADDED from src\main\AndroidManifest.xml:27:9-33
	android:name
		ADDED from src\main\AndroidManifest.xml:26:9-57
uses-feature#android.hardware.camera.front
ADDED from src\main\AndroidManifest.xml:28:5-30:36
	android:required
		ADDED from src\main\AndroidManifest.xml:30:9-33
	android:name
		ADDED from src\main\AndroidManifest.xml:29:9-53
uses-feature#android.hardware.touchscreen
ADDED from src\main\AndroidManifest.xml:31:5-33:36
	android:required
		ADDED from src\main\AndroidManifest.xml:33:9-33
	android:name
		ADDED from src\main\AndroidManifest.xml:32:9-52
uses-feature#android.hardware.touchscreen.multitouch
ADDED from src\main\AndroidManifest.xml:34:5-36:36
	android:required
		ADDED from src\main\AndroidManifest.xml:36:9-33
	android:name
		ADDED from src\main\AndroidManifest.xml:35:9-63
uses-feature#android.hardware.touchscreen.multitouch.distinct
ADDED from src\main\AndroidManifest.xml:37:5-39:36
	android:required
		ADDED from src\main\AndroidManifest.xml:39:9-33
	android:name
		ADDED from src\main\AndroidManifest.xml:38:9-72
application
ADDED from src\main\AndroidManifest.xml:41:5-100:19
MERGED from [:VuforiaWrapper:] AndroidManifest.xml:19:5-30:19
MERGED from [:VuforiaWrapper:] AndroidManifest.xml:19:5-30:19
MERGED from [com.android.support.constraint:constraint-layout:1.1.3] AndroidManifest.xml:9:5-20
MERGED from [com.android.support.constraint:constraint-layout:1.1.3] AndroidManifest.xml:9:5-20
MERGED from [com.mapbox.mapboxsdk:mapbox-android-telemetry:3.1.5] AndroidManifest.xml:15:5-17:19
MERGED from [com.mapbox.mapboxsdk:mapbox-android-telemetry:3.1.5] AndroidManifest.xml:15:5-17:19
MERGED from [android.arch.lifecycle:extensions:1.1.0] AndroidManifest.xml:22:5-28:19
MERGED from [android.arch.lifecycle:extensions:1.1.0] AndroidManifest.xml:22:5-28:19
MERGED from [com.android.volley:volley:1.1.0] AndroidManifest.xml:9:5-20
MERGED from [com.android.volley:volley:1.1.0] AndroidManifest.xml:9:5-20
MERGED from [com.jakewharton.timber:timber:4.6.0] AndroidManifest.xml:8:5-20
MERGED from [com.jakewharton.timber:timber:4.6.0] AndroidManifest.xml:8:5-20
	android:label
		ADDED from src\main\AndroidManifest.xml:45:9-41
	android:debuggable
		ADDED from [:VuforiaWrapper:] AndroidManifest.xml:19:18-44
	android:icon
		ADDED from src\main\AndroidManifest.xml:43:9-40
	android:banner
		ADDED from src\main\AndroidManifest.xml:42:9-46
	android:theme
		ADDED from src\main\AndroidManifest.xml:46:9-50
	android:isGame
		ADDED from src\main\AndroidManifest.xml:44:9-30
activity#com.UDG.extintores.UnityPlayerActivity
ADDED from src\main\AndroidManifest.xml:47:9-57:20
	android:screenOrientation
		ADDED from src\main\AndroidManifest.xml:53:13-50
	android:label
		ADDED from src\main\AndroidManifest.xml:51:13-45
	android:launchMode
		ADDED from src\main\AndroidManifest.xml:52:13-44
	android:hardwareAccelerated
		ADDED from src\main\AndroidManifest.xml:50:13-48
	android:configChanges
		ADDED from src\main\AndroidManifest.xml:49:13-194
	android:name
		ADDED from src\main\AndroidManifest.xml:48:13-48
meta-data#unityplayer.UnityActivity
ADDED from src\main\AndroidManifest.xml:54:13-56:40
	android:value
		ADDED from src\main\AndroidManifest.xml:56:17-37
	android:name
		ADDED from src\main\AndroidManifest.xml:55:17-57
meta-data#unity.build-id
ADDED from src\main\AndroidManifest.xml:59:9-61:68
	android:value
		ADDED from src\main\AndroidManifest.xml:61:13-65
	android:name
		ADDED from src\main\AndroidManifest.xml:60:13-42
meta-data#unity.splash-mode
ADDED from src\main\AndroidManifest.xml:62:9-64:33
	android:value
		ADDED from src\main\AndroidManifest.xml:64:13-30
	android:name
		ADDED from src\main\AndroidManifest.xml:63:13-45
meta-data#unity.splash-enable
ADDED from src\main\AndroidManifest.xml:65:9-67:36
	android:value
		ADDED from src\main\AndroidManifest.xml:67:13-33
	android:name
		ADDED from src\main\AndroidManifest.xml:66:13-47
activity#com.UDG.extintores.MainActivity
ADDED from src\main\AndroidManifest.xml:69:9-80:20
	android:screenOrientation
		ADDED from src\main\AndroidManifest.xml:72:13-49
	android:label
		ADDED from src\main\AndroidManifest.xml:71:13-49
	android:theme
		ADDED from src\main\AndroidManifest.xml:73:13-44
	android:name
		ADDED from src\main\AndroidManifest.xml:70:13-41
intent-filter#action:name:android.intent.action.MAIN+category:name:android.intent.category.LAUNCHER
ADDED from src\main\AndroidManifest.xml:75:13-79:29
action#android.intent.action.MAIN
ADDED from src\main\AndroidManifest.xml:76:17-69
	android:name
		ADDED from src\main\AndroidManifest.xml:76:25-66
category#android.intent.category.LAUNCHER
ADDED from src\main\AndroidManifest.xml:78:17-77
	android:name
		ADDED from src\main\AndroidManifest.xml:78:27-74
activity#com.UDG.extintores.Registro
ADDED from src\main\AndroidManifest.xml:81:9-85:47
	android:screenOrientation
		ADDED from src\main\AndroidManifest.xml:84:13-49
	android:label
		ADDED from src\main\AndroidManifest.xml:83:13-60
	android:theme
		ADDED from src\main\AndroidManifest.xml:85:13-44
	android:name
		ADDED from src\main\AndroidManifest.xml:82:13-37
activity#com.UDG.extintores.MapBox
ADDED from src\main\AndroidManifest.xml:86:9-89:47
	android:label
		ADDED from src\main\AndroidManifest.xml:88:13-49
	android:theme
		ADDED from src\main\AndroidManifest.xml:89:13-44
	android:name
		ADDED from src\main\AndroidManifest.xml:87:13-35
activity#com.UDG.extintores.Cuestionario
ADDED from src\main\AndroidManifest.xml:90:9-94:47
	android:screenOrientation
		ADDED from src\main\AndroidManifest.xml:93:13-49
	android:label
		ADDED from src\main\AndroidManifest.xml:92:13-49
	android:theme
		ADDED from src\main\AndroidManifest.xml:94:13-44
	android:name
		ADDED from src\main\AndroidManifest.xml:91:13-41
activity#com.UDG.extintores.MainActivityIntro
ADDED from src\main\AndroidManifest.xml:95:9-99:20
	android:screenOrientation
		ADDED from src\main\AndroidManifest.xml:96:13-49
	android:theme
		ADDED from src\main\AndroidManifest.xml:97:13-56
	android:name
		ADDED from src\main\AndroidManifest.xml:95:19-52
uses-sdk
INJECTED from src\main\AndroidManifest.xml reason: use-sdk injection requested
INJECTED from src\main\AndroidManifest.xml
INJECTED from src\main\AndroidManifest.xml
MERGED from [:VuforiaWrapper:] AndroidManifest.xml:8:5-10:41
MERGED from [:VuforiaWrapper:] AndroidManifest.xml:8:5-10:41
MERGED from [com.android.support.constraint:constraint-layout:1.1.3] AndroidManifest.xml:5:5-7:41
MERGED from [com.android.support.constraint:constraint-layout:1.1.3] AndroidManifest.xml:5:5-7:41
MERGED from [com.android.support:appcompat-v7:27.0.0] AndroidManifest.xml:20:5-44
MERGED from [com.android.support:appcompat-v7:27.0.0] AndroidManifest.xml:20:5-44
MERGED from [com.android.support:animated-vector-drawable:27.0.0] AndroidManifest.xml:20:5-44
MERGED from [com.android.support:animated-vector-drawable:27.0.0] AndroidManifest.xml:20:5-44
MERGED from [com.android.support:support-vector-drawable:27.0.0] AndroidManifest.xml:20:5-44
MERGED from [com.android.support:support-vector-drawable:27.0.0] AndroidManifest.xml:20:5-44
MERGED from [com.mapbox.mapboxsdk:mapbox-android-plugin-locationlayer:0.5.0] AndroidManifest.xml:6:5-8:41
MERGED from [com.mapbox.mapboxsdk:mapbox-android-plugin-locationlayer:0.5.0] AndroidManifest.xml:6:5-8:41
MERGED from [com.mapbox.mapboxsdk:mapbox-android-sdk:6.5.0] AndroidManifest.xml:5:5-7:41
MERGED from [com.mapbox.mapboxsdk:mapbox-android-sdk:6.5.0] AndroidManifest.xml:5:5-7:41
MERGED from [com.mapbox.mapboxsdk:mapbox-android-telemetry:3.1.5] AndroidManifest.xml:11:5-13:41
MERGED from [com.mapbox.mapboxsdk:mapbox-android-telemetry:3.1.5] AndroidManifest.xml:11:5-13:41
MERGED from [android.arch.lifecycle:extensions:1.1.0] AndroidManifest.xml:20:5-44
MERGED from [android.arch.lifecycle:extensions:1.1.0] AndroidManifest.xml:20:5-44
MERGED from [com.android.support:support-fragment:27.1.1] AndroidManifest.xml:20:5-44
MERGED from [com.android.support:support-fragment:27.1.1] AndroidManifest.xml:20:5-44
MERGED from [com.android.support:support-core-ui:27.1.1] AndroidManifest.xml:20:5-44
MERGED from [com.android.support:support-core-ui:27.1.1] AndroidManifest.xml:20:5-44
MERGED from [com.android.support:support-core-utils:27.1.1] AndroidManifest.xml:20:5-44
MERGED from [com.android.support:support-core-utils:27.1.1] AndroidManifest.xml:20:5-44
MERGED from [com.android.support:support-compat:27.1.1] AndroidManifest.xml:20:5-44
MERGED from [com.android.support:support-compat:27.1.1] AndroidManifest.xml:20:5-44
MERGED from [android.arch.lifecycle:runtime:1.1.0] AndroidManifest.xml:20:5-44
MERGED from [android.arch.lifecycle:runtime:1.1.0] AndroidManifest.xml:20:5-44
MERGED from [android.arch.lifecycle:livedata:1.1.1] AndroidManifest.xml:20:5-44
MERGED from [android.arch.lifecycle:livedata:1.1.1] AndroidManifest.xml:20:5-44
MERGED from [android.arch.lifecycle:livedata-core:1.1.1] AndroidManifest.xml:20:5-44
MERGED from [android.arch.lifecycle:livedata-core:1.1.1] AndroidManifest.xml:20:5-44
MERGED from [android.arch.core:runtime:1.1.1] AndroidManifest.xml:20:5-44
MERGED from [android.arch.core:runtime:1.1.1] AndroidManifest.xml:20:5-44
MERGED from [android.arch.lifecycle:viewmodel:1.1.0] AndroidManifest.xml:20:5-44
MERGED from [android.arch.lifecycle:viewmodel:1.1.0] AndroidManifest.xml:20:5-44
MERGED from [com.android.volley:volley:1.1.0] AndroidManifest.xml:7:5-43
MERGED from [com.android.volley:volley:1.1.0] AndroidManifest.xml:7:5-43
MERGED from [pl.droidsonroids.gif:android-gif-drawable:1.2.15] AndroidManifest.xml:6:5-8:41
MERGED from [pl.droidsonroids.gif:android-gif-drawable:1.2.15] AndroidManifest.xml:6:5-8:41
MERGED from [com.mapbox.mapboxsdk:mapbox-android-gestures:0.2.0] AndroidManifest.xml:7:5-9:41
MERGED from [com.mapbox.mapboxsdk:mapbox-android-gestures:0.2.0] AndroidManifest.xml:7:5-9:41
MERGED from [com.jakewharton.timber:timber:4.6.0] AndroidManifest.xml:6:5-43
MERGED from [com.jakewharton.timber:timber:4.6.0] AndroidManifest.xml:6:5-43
MERGED from [com.mapbox.mapboxsdk:mapbox-android-core:0.2.1] AndroidManifest.xml:7:5-9:41
MERGED from [com.mapbox.mapboxsdk:mapbox-android-core:0.2.1] AndroidManifest.xml:7:5-9:41
INJECTED from src\main\AndroidManifest.xml
INJECTED from src\main\AndroidManifest.xml
	android:targetSdkVersion
		INJECTED from src\main\AndroidManifest.xml
		ADDED from src\main\AndroidManifest.xml
		INJECTED from src\main\AndroidManifest.xml
	android:minSdkVersion
		INJECTED from src\main\AndroidManifest.xml
		ADDED from src\main\AndroidManifest.xml
		INJECTED from src\main\AndroidManifest.xml
uses-permission#android.permission.WRITE_EXTERNAL_STORAGE
ADDED from [:VuforiaWrapper:] AndroidManifest.xml:17:5-81
	android:name
		ADDED from [:VuforiaWrapper:] AndroidManifest.xml:17:22-78
meta-data#com.google.ar.core
ADDED from [:VuforiaWrapper:] AndroidManifest.xml:22:9-24:40
	android:value
		ADDED from [:VuforiaWrapper:] AndroidManifest.xml:24:13-37
	android:name
		ADDED from [:VuforiaWrapper:] AndroidManifest.xml:23:13-46
uses-library#com.osterhoutgroup.api.ext
ADDED from [:VuforiaWrapper:] AndroidManifest.xml:27:9-29:40
	android:required
		ADDED from [:VuforiaWrapper:] AndroidManifest.xml:29:13-37
	android:name
		ADDED from [:VuforiaWrapper:] AndroidManifest.xml:28:13-54
uses-permission#android.permission.READ_EXTERNAL_STORAGE
IMPLIED from src\main\AndroidManifest.xml:2:1-102:12 reason: com.vuforia.engine.ext requested WRITE_EXTERNAL_STORAGE
uses-feature#android.hardware.wifi
ADDED from [com.mapbox.mapboxsdk:mapbox-android-sdk:6.5.0] AndroidManifest.xml:12:5-14:36
	android:required
		ADDED from [com.mapbox.mapboxsdk:mapbox-android-sdk:6.5.0] AndroidManifest.xml:14:9-33
	android:name
		ADDED from [com.mapbox.mapboxsdk:mapbox-android-sdk:6.5.0] AndroidManifest.xml:13:9-45
uses-permission#android.permission.ACCESS_WIFI_STATE
ADDED from [com.mapbox.mapboxsdk:mapbox-android-sdk:6.5.0] AndroidManifest.xml:18:5-76
	android:name
		ADDED from [com.mapbox.mapboxsdk:mapbox-android-sdk:6.5.0] AndroidManifest.xml:18:22-73
service#com.mapbox.android.telemetry.TelemetryService
ADDED from [com.mapbox.mapboxsdk:mapbox-android-telemetry:3.1.5] AndroidManifest.xml:16:9-81
	android:name
		ADDED from [com.mapbox.mapboxsdk:mapbox-android-telemetry:3.1.5] AndroidManifest.xml:16:18-78
provider#android.arch.lifecycle.ProcessLifecycleOwnerInitializer
ADDED from [android.arch.lifecycle:extensions:1.1.0] AndroidManifest.xml:23:9-27:43
	android:authorities
		ADDED from [android.arch.lifecycle:extensions:1.1.0] AndroidManifest.xml:25:13-68
	android:multiprocess
		ADDED from [android.arch.lifecycle:extensions:1.1.0] AndroidManifest.xml:27:13-40
	android:exported
		ADDED from [android.arch.lifecycle:extensions:1.1.0] AndroidManifest.xml:26:13-37
	android:name
		ADDED from [android.arch.lifecycle:extensions:1.1.0] AndroidManifest.xml:24:13-83